\BOOKMARK [0][-]{chapter.1}{Introduction \340 ShankScript}{}% 1
\BOOKMARK [1][-]{section.1.1}{Qu'est ce que ShankScript ?}{chapter.1}% 2
\BOOKMARK [1][-]{section.1.2}{Premiers pas avec l'interpr\351teur de commandes ShankScript}{chapter.1}% 3
\BOOKMARK [2][-]{subsection.1.2.1}{L'interpr\351teur}{section.1.2}% 4
\BOOKMARK [2][-]{subsection.1.2.2}{Premi\350re commande}{section.1.2}% 5
\BOOKMARK [3][-]{subsubsection.1.2.2.1}{Saisir un nombre }{subsection.1.2.2}% 6
\BOOKMARK [3][-]{subsubsection.1.2.2.2}{Op\351rations courantes}{subsection.1.2.2}% 7
\BOOKMARK [1][-]{section.1.3}{Les variables}{chapter.1}% 8
\BOOKMARK [2][-]{subsection.1.3.1}{C'est quoi une variable ?}{section.1.3}% 9
\BOOKMARK [2][-]{subsection.1.3.2}{Comment cela fonctionne-t-il ?}{section.1.3}% 10
\BOOKMARK [2][-]{subsection.1.3.3}{Les types de donn\351es en ShankScript}{section.1.3}% 11
\BOOKMARK [1][-]{section.1.4}{Les structures conditionnelles}{chapter.1}% 12
\BOOKMARK [2][-]{subsection.1.4.1}{La condition simple IF}{section.1.4}% 13
\BOOKMARK [2][-]{subsection.1.4.2}{Le ElSE pour dire sinon}{section.1.4}% 14
\BOOKMARK [2][-]{subsection.1.4.3}{LE ELSE IF pour dire sinon si}{section.1.4}% 15
\BOOKMARK [2][-]{subsection.1.4.4}{La condition Switch}{section.1.4}% 16
\BOOKMARK [1][-]{section.1.5}{Les boucles}{chapter.1}% 17
\BOOKMARK [2][-]{subsection.1.5.1}{Qu'est-ce qu'une boucle ?}{section.1.5}% 18
\BOOKMARK [2][-]{subsection.1.5.2}{La boucle while}{section.1.5}% 19
\BOOKMARK [2][-]{subsection.1.5.3}{La boucle do\203 while}{section.1.5}% 20
\BOOKMARK [2][-]{subsection.1.5.4}{La boucle for}{section.1.5}% 21
\BOOKMARK [1][-]{section.1.6}{Les entr\351es et les sorties}{chapter.1}% 22
\BOOKMARK [1][-]{section.1.7}{Les fonctions}{chapter.1}% 23
\BOOKMARK [1][-]{section.1.8}{Les packages}{chapter.1}% 24
\BOOKMARK [1][-]{section.1.9}{Interfa\347age et les packages graphiques}{chapter.1}% 25
\BOOKMARK [0][-]{chapter.2}{L'analyse de l'interpr\351teur}{}% 26
\BOOKMARK [1][-]{section.2.1}{Introduction au principe}{chapter.2}% 27
\BOOKMARK [1][-]{section.2.2}{Analyse Lexical}{chapter.2}% 28
\BOOKMARK [1][-]{section.2.3}{Analyse syntaxique}{chapter.2}% 29
\BOOKMARK [1][-]{section.2.4}{Analyse s\351mantique}{chapter.2}% 30
\BOOKMARK [1][-]{section.2.5}{Traduction}{chapter.2}% 31
\BOOKMARK [0][-]{chapter.3}{Conclusion}{}% 32
